Warning: QPainter::begin: Paint device returned engine == 0, type: 1
Warning: QPainter::setPen: Painter not active
Warning: QPainter::setBrush: Painter not active
Warning: QPainter::setRenderHint: Painter must be active to set rendering hints
Warning: QPainter::setPen: Painter not active
Debug: "16:09:33 c:\anthill_jobs\job545662\fmod4\tools\fmod_designer\src\mainform.ui.h:748 DY: Create Events" 
Debug: "16:09:46 ..\..\src\propertyeditor.cpp:2619 EO: Set Volume" 
Debug: "16:09:47 ..\..\src\propertyeditor.cpp:2619 EO: Set Volume" 
Debug: "16:09:52 ..\..\src\propertyeditor.cpp:2619 EO: Set Volume" 
Debug: "16:10:06 ..\..\src\categorylistview.cpp:409 CD: Move Event to Category" 
Debug: "16:10:08 ..\..\src\categorylistview.cpp:409 CD: Move Event to Category" 
Debug: 
Building project 'sws2'...
Debug: Building project E:\projects\mods\SkulksWithShotgunsMod\source\soundsrc\sws2.fev...
Debug: Unique sound defs 1/14
Debug: Retrieving sound file info...
Debug: Retrieving reverb info...
Debug: FEV file written ok
Debug: Unique Envelope Points: 0 of 0
Debug: Unique Strings: 776 characters of 776
Debug: Caching sound file details for ''...
Debug: ..\..\..\..\..\..\..\projects\mods\skulkswithshotgunsmod\source\soundsrc\blue_scores.mp3
Debug: ..\..\..\..\..\..\..\projects\mods\skulkswithshotgunsmod\source\soundsrc\blue_wins.mp3
Debug: ..\..\..\..\..\..\..\projects\mods\skulkswithshotgunsmod\source\soundsrc\capture_gorge.mp3
Debug: ..\..\..\..\..\..\..\projects\mods\skulkswithshotgunsmod\source\soundsrc\cleanse_everyone.mp3
Debug: ..\..\..\..\..\..\..\projects\mods\skulkswithshotgunsmod\source\soundsrc\fx_gorge_drop.mp3
Debug: ..\..\..\..\..\..\..\projects\mods\skulkswithshotgunsmod\source\soundsrc\fx_gorge_return.mp3
Debug: ..\..\..\..\..\..\..\projects\mods\skulkswithshotgunsmod\source\soundsrc\fx_kill.mp3
Debug: ..\..\..\..\..\..\..\projects\mods\skulkswithshotgunsmod\source\soundsrc\gorge_stolen_our.mp3
Debug: ..\..\..\..\..\..\..\projects\mods\skulkswithshotgunsmod\source\soundsrc\gorge_stolen_their.mp3
Debug: ..\..\..\..\..\..\..\projects\mods\skulkswithshotgunsmod\source\soundsrc\red_scores.mp3
Debug: ..\..\..\..\..\..\..\projects\mods\skulkswithshotgunsmod\source\soundsrc\red_wins.mp3
Debug: Building 'sws2_common.fsb'
Debug: Encoded E:\games\steam\SteamApps\common\Natural Selection 2\assets\soundsrc\..\..\..\..\..\..\..\projects\mods\skulkswithshotgunsmod\source\soundsrc\blue_wins.mp3
Debug: Encoded E:\games\steam\SteamApps\common\Natural Selection 2\assets\soundsrc\..\..\..\..\..\..\..\projects\mods\skulkswithshotgunsmod\source\soundsrc\blue_scores.mp3
Debug: Encoded E:\games\steam\SteamApps\common\Natural Selection 2\assets\soundsrc\..\..\..\..\..\..\..\projects\mods\skulkswithshotgunsmod\source\soundsrc\capture_gorge.mp3
Debug: Encoded E:\games\steam\SteamApps\common\Natural Selection 2\assets\soundsrc\..\..\..\..\..\..\..\projects\mods\skulkswithshotgunsmod\source\soundsrc\fx_gorge_drop.mp3
Debug: Encoded E:\games\steam\SteamApps\common\Natural Selection 2\assets\soundsrc\..\..\..\..\..\..\..\projects\mods\skulkswithshotgunsmod\source\soundsrc\fx_gorge_return.mp3
Debug: Encoded E:\games\steam\SteamApps\common\Natural Selection 2\assets\soundsrc\..\..\..\..\..\..\..\projects\mods\skulkswithshotgunsmod\source\soundsrc\fx_kill.mp3
Debug: Encoded E:\games\steam\SteamApps\common\Natural Selection 2\assets\soundsrc\..\..\..\..\..\..\..\projects\mods\skulkswithshotgunsmod\source\soundsrc\gorge_stolen_our.mp3
Debug: Encoded E:\games\steam\SteamApps\common\Natural Selection 2\assets\soundsrc\..\..\..\..\..\..\..\projects\mods\skulkswithshotgunsmod\source\soundsrc\gorge_stolen_their.mp3
Debug: Encoded E:\games\steam\SteamApps\common\Natural Selection 2\assets\soundsrc\..\..\..\..\..\..\..\projects\mods\skulkswithshotgunsmod\source\soundsrc\cleanse_everyone.mp3
Debug: Encoded E:\games\steam\SteamApps\common\Natural Selection 2\assets\soundsrc\..\..\..\..\..\..\..\projects\mods\skulkswithshotgunsmod\source\soundsrc\red_scores.mp3
Debug: Encoded E:\games\steam\SteamApps\common\Natural Selection 2\assets\soundsrc\..\..\..\..\..\..\..\projects\mods\skulkswithshotgunsmod\source\soundsrc\red_wins.mp3
Debug: Writing FSB...
Debug: Finished building FSB
Debug: 
Debug: 
Summary of build:
SUCCESS: E:/projects/mods/SkulksWithShotgunsMod/source/soundsrc/sws2.fev
SUCCESS: sws2_common.fsb
Debug: 
Building project 'sws2'...
Debug: Building project E:\projects\mods\SkulksWithShotgunsMod\source\soundsrc\sws2.fev...
Debug: Unique sound defs 1/14
Debug: Retrieving sound file info...
Debug: Retrieving reverb info...
Debug: FEV file written ok
Debug: Unique Envelope Points: 0 of 0
Debug: Unique Strings: 776 characters of 776
Debug: Caching sound file details for ''...
Debug: ..\..\..\..\..\..\..\projects\mods\skulkswithshotgunsmod\source\soundsrc\blue_scores.mp3
Debug: ..\..\..\..\..\..\..\projects\mods\skulkswithshotgunsmod\source\soundsrc\blue_wins.mp3
Debug: ..\..\..\..\..\..\..\projects\mods\skulkswithshotgunsmod\source\soundsrc\capture_gorge.mp3
Debug: ..\..\..\..\..\..\..\projects\mods\skulkswithshotgunsmod\source\soundsrc\cleanse_everyone.mp3
Debug: ..\..\..\..\..\..\..\projects\mods\skulkswithshotgunsmod\source\soundsrc\fx_gorge_drop.mp3
Debug: ..\..\..\..\..\..\..\projects\mods\skulkswithshotgunsmod\source\soundsrc\fx_gorge_return.mp3
Debug: ..\..\..\..\..\..\..\projects\mods\skulkswithshotgunsmod\source\soundsrc\fx_kill.mp3
Debug: ..\..\..\..\..\..\..\projects\mods\skulkswithshotgunsmod\source\soundsrc\gorge_stolen_our.mp3
Debug: ..\..\..\..\..\..\..\projects\mods\skulkswithshotgunsmod\source\soundsrc\gorge_stolen_their.mp3
Debug: ..\..\..\..\..\..\..\projects\mods\skulkswithshotgunsmod\source\soundsrc\red_scores.mp3
Debug: ..\..\..\..\..\..\..\projects\mods\skulkswithshotgunsmod\source\soundsrc\red_wins.mp3
Debug: Building 'sws2_common.fsb'
Debug: Encoded E:\games\steam\SteamApps\common\Natural Selection 2\assets\soundsrc\..\..\..\..\..\..\..\projects\mods\skulkswithshotgunsmod\source\soundsrc\blue_scores.mp3
Debug: Encoded E:\games\steam\SteamApps\common\Natural Selection 2\assets\soundsrc\..\..\..\..\..\..\..\projects\mods\skulkswithshotgunsmod\source\soundsrc\blue_wins.mp3
Debug: Encoded E:\games\steam\SteamApps\common\Natural Selection 2\assets\soundsrc\..\..\..\..\..\..\..\projects\mods\skulkswithshotgunsmod\source\soundsrc\cleanse_everyone.mp3
Debug: Encoded E:\games\steam\SteamApps\common\Natural Selection 2\assets\soundsrc\..\..\..\..\..\..\..\projects\mods\skulkswithshotgunsmod\source\soundsrc\capture_gorge.mp3
Debug: Encoded E:\games\steam\SteamApps\common\Natural Selection 2\assets\soundsrc\..\..\..\..\..\..\..\projects\mods\skulkswithshotgunsmod\source\soundsrc\fx_gorge_drop.mp3
Debug: Encoded E:\games\steam\SteamApps\common\Natural Selection 2\assets\soundsrc\..\..\..\..\..\..\..\projects\mods\skulkswithshotgunsmod\source\soundsrc\fx_kill.mp3
Debug: Encoded E:\games\steam\SteamApps\common\Natural Selection 2\assets\soundsrc\..\..\..\..\..\..\..\projects\mods\skulkswithshotgunsmod\source\soundsrc\fx_gorge_return.mp3
Debug: Encoded E:\games\steam\SteamApps\common\Natural Selection 2\assets\soundsrc\..\..\..\..\..\..\..\projects\mods\skulkswithshotgunsmod\source\soundsrc\gorge_stolen_our.mp3
Debug: Encoded E:\games\steam\SteamApps\common\Natural Selection 2\assets\soundsrc\..\..\..\..\..\..\..\projects\mods\skulkswithshotgunsmod\source\soundsrc\gorge_stolen_their.mp3
Debug: Encoded E:\games\steam\SteamApps\common\Natural Selection 2\assets\soundsrc\..\..\..\..\..\..\..\projects\mods\skulkswithshotgunsmod\source\soundsrc\red_scores.mp3
Debug: Encoded E:\games\steam\SteamApps\common\Natural Selection 2\assets\soundsrc\..\..\..\..\..\..\..\projects\mods\skulkswithshotgunsmod\source\soundsrc\red_wins.mp3
Debug: Writing FSB...
Debug: Finished building FSB
Debug: 
Debug: 
Summary of build:
SUCCESS: E:/projects/mods/SkulksWithShotgunsMod/source/soundsrc/sws2.fev
SUCCESS: sws2_common.fsb
